生成启动时间为 2017/3/21 18:57:28。
     1>项目“E:\programming\C++传智\STL\stl容器算法迭代器\stl容器算法迭代器.vcxproj”在节点 2 上(Rebuild 个目标)。
     1>C:\Program Files (x86)\MSBuild\Microsoft.Cpp\v4.0\V120\Microsoft.CppBuild.targets(388,5): warning MSB8028: The intermediate directory (Debug\) contains files shared from another project (stl容器算法迭代器.vcxproj).  This can lead to incorrect clean and rebuild behavior.
     1>ClCompile:
         D:\visual studio\VC\bin\CL.exe /c /ZI /nologo /W3 /WX- /sdl /Od /Oy- /D _UNICODE /D UNICODE /Gm /EHsc /RTC1 /MDd /GS /fp:precise /Zc:wchar_t /Zc:forScope /Fo"Debug\\" /Fd"Debug\vc120.pdb" /Gd /TP /analyze- /errorReport:prompt erase.cpp main.cpp Vector.cpp "注意.cpp" "基本操作.cpp"
         基本操作.cpp
         注意.cpp
         Vector.cpp
     1>e:\programming\c++传智\stl\stl容器算法迭代器\vector.cpp(3): warning C4068: 未知的杂注
         main.cpp
         erase.cpp
         正在生成代码...
       Link:
         D:\visual studio\VC\bin\link.exe /ERRORREPORT:PROMPT /OUT:"E:\programming\C++传智\STL\Debug\vector.exe" /INCREMENTAL /NOLOGO kernel32.lib user32.lib gdi32.lib winspool.lib comdlg32.lib advapi32.lib shell32.lib ole32.lib oleaut32.lib uuid.lib odbc32.lib odbccp32.lib /MANIFEST /MANIFESTUAC:"level='asInvoker' uiAccess='false'" /manifest:embed /DEBUG /PDB:"E:\programming\C++传智\STL\Debug\vector.pdb" /TLBID:1 /DYNAMICBASE /NXCOMPAT /IMPLIB:"E:\programming\C++传智\STL\Debug\vector.lib" /MACHINE:X86 Debug\erase.obj
         Debug\main.obj
         Debug\Vector.obj
         "Debug\注意.obj"
         "Debug\基本操作.obj"
         stl容器算法迭代器.vcxproj -> E:\programming\C++传智\STL\Debug\vector.exe
     1>已完成生成项目“E:\programming\C++传智\STL\stl容器算法迭代器\stl容器算法迭代器.vcxproj”(Rebuild 个目标)的操作。

生成成功。

已用时间 00:00:15.86
