Thu Oct 06 17:01:05 CST 2016  [debug] AvalonLogSystem initialized using logfile 'E:\programming\JavaWeb\.metadata\.plugins\com.genuitec.eclipse.templates\velocity.log'
Thu Oct 06 17:01:05 CST 2016   [info] ************************************************************** 
Thu Oct 06 17:01:05 CST 2016   [info] Starting Jakarta Velocity v1.4
Thu Oct 06 17:01:05 CST 2016   [info] RuntimeInstance initializing.
Thu Oct 06 17:01:05 CST 2016   [info] Default Properties File: org\apache\velocity\runtime\defaults\velocity.properties
Thu Oct 06 17:01:05 CST 2016   [info] Trying to use logger class org.apache.velocity.runtime.log.AvalonLogSystem
Thu Oct 06 17:01:05 CST 2016   [info] Using logger class org.apache.velocity.runtime.log.AvalonLogSystem
Thu Oct 06 17:01:05 CST 2016   [info] Default ResourceManager initializing. (class org.apache.velocity.runtime.resource.ResourceManagerImpl)
Thu Oct 06 17:01:05 CST 2016   [info] Resource Loader Instantiated: com.genuitec.eclipse.templates.internal.PluginResourceLoader
Thu Oct 06 17:01:05 CST 2016   [info] ResourceCache : initialized. (class org.apache.velocity.runtime.resource.ResourceCacheImpl)
Thu Oct 06 17:01:05 CST 2016   [info] Default ResourceManager initialization complete.
Thu Oct 06 17:01:05 CST 2016   [info] Loaded System Directive: org.apache.velocity.runtime.directive.Literal
Thu Oct 06 17:01:05 CST 2016   [info] Loaded System Directive: org.apache.velocity.runtime.directive.Macro
Thu Oct 06 17:01:05 CST 2016   [info] Loaded System Directive: org.apache.velocity.runtime.directive.Parse
Thu Oct 06 17:01:05 CST 2016   [info] Loaded System Directive: org.apache.velocity.runtime.directive.Include
Thu Oct 06 17:01:05 CST 2016   [info] Loaded System Directive: org.apache.velocity.runtime.directive.Foreach
Thu Oct 06 17:01:05 CST 2016   [info] Created: 20 parsers.
Thu Oct 06 17:01:05 CST 2016   [info] Velocimacro : initialization starting.
Thu Oct 06 17:01:05 CST 2016   [info] Velocimacro : adding VMs from VM library template : VM_global_library.vm
Thu Oct 06 17:01:05 CST 2016  [error] ResourceManager : unable to find resource 'VM_global_library.vm' in any resource loader.
Thu Oct 06 17:01:05 CST 2016   [info] Velocimacro : error using  VM library template VM_global_library.vm : org.apache.velocity.exception.ResourceNotFoundException: Unable to find resource 'VM_global_library.vm'
Thu Oct 06 17:01:05 CST 2016   [info] Velocimacro :  VM library template macro registration complete.
Thu Oct 06 17:01:05 CST 2016   [info] Velocimacro : allowInline = true : VMs can be defined inline in templates
Thu Oct 06 17:01:05 CST 2016   [info] Velocimacro : allowInlineToOverride = true : VMs defined inline may replace previous VM definitions
Thu Oct 06 17:01:05 CST 2016   [info] Velocimacro : allowInlineLocal = true : VMs defined inline will be local to their defining template only.
Thu Oct 06 17:01:05 CST 2016   [info] Velocimacro : messages on  : VM system will output logging messages
Thu Oct 06 17:01:05 CST 2016   [info] Velocimacro : autoload off  : VM system will not automatically reload global library macros
Thu Oct 06 17:01:05 CST 2016   [info] Velocimacro : initialization complete.
Thu Oct 06 17:01:05 CST 2016   [info] Velocity successfully started.
Thu Oct 06 17:01:05 CST 2016   [info] ResourceManager : found templates/html/Html.vtl with loader com.genuitec.eclipse.templates.internal.PluginResourceLoader
Thu Oct 06 17:01:05 CST 2016   [info] ResourceManager : found templates/html/HTMLMetaTags.vtl with loader com.genuitec.eclipse.templates.internal.PluginResourceLoader
