生成启动时间为 2017/6/23 9:31:33。
     1>项目“E:\programming\C++\打地鼠升级版\打地鼠2016.vcxproj”在节点 2 上(Build 个目标)。
     1>ClCompile:
         D:\visual studio\VC\bin\CL.exe /c /ZI /nologo /W3 /WX- /Od /Oy- /D WIN32 /D _DEBUG /D _CONSOLE /D _VC80_UPGRADE=0x0600 /D _MBCS /Gm /EHsc /RTC1 /MTd /GS /Gy- /fp:precise /Zc:wchar_t /Zc:forScope /Fo".\Debug\\" /Fd".\Debug\vc120.pdb" /Gd /TP /analyze- /errorReport:prompt "打地鼠2016.cpp"
         打地鼠2016.cpp
     1>e:\programming\c++\打地鼠升级版\打地鼠2016.cpp(85): warning C4996: 'sprintf': This function or variable may be unsafe. Consider using sprintf_s instead. To disable deprecation, use _CRT_SECURE_NO_WARNINGS. See online help for details.
                 d:\visual studio\vc\include\stdio.h(356) : 参见“sprintf”的声明
     1>e:\programming\c++\打地鼠升级版\打地鼠2016.cpp(176): warning C4996: 'sprintf': This function or variable may be unsafe. Consider using sprintf_s instead. To disable deprecation, use _CRT_SECURE_NO_WARNINGS. See online help for details.
                 d:\visual studio\vc\include\stdio.h(356) : 参见“sprintf”的声明
     1>e:\programming\c++\打地鼠升级版\打地鼠2016.cpp(178): warning C4996: 'sprintf': This function or variable may be unsafe. Consider using sprintf_s instead. To disable deprecation, use _CRT_SECURE_NO_WARNINGS. See online help for details.
                 d:\visual studio\vc\include\stdio.h(356) : 参见“sprintf”的声明
     1>e:\programming\c++\打地鼠升级版\打地鼠2016.cpp(219): warning C4996: 'sprintf': This function or variable may be unsafe. Consider using sprintf_s instead. To disable deprecation, use _CRT_SECURE_NO_WARNINGS. See online help for details.
                 d:\visual studio\vc\include\stdio.h(356) : 参见“sprintf”的声明
     1>e:\programming\c++\打地鼠升级版\打地鼠2016.cpp(267): warning C4996: 'sprintf': This function or variable may be unsafe. Consider using sprintf_s instead. To disable deprecation, use _CRT_SECURE_NO_WARNINGS. See online help for details.
                 d:\visual studio\vc\include\stdio.h(356) : 参见“sprintf”的声明
     1>e:\programming\c++\打地鼠升级版\打地鼠2016.cpp(269): warning C4996: 'sprintf': This function or variable may be unsafe. Consider using sprintf_s instead. To disable deprecation, use _CRT_SECURE_NO_WARNINGS. See online help for details.
                 d:\visual studio\vc\include\stdio.h(356) : 参见“sprintf”的声明
     1>e:\programming\c++\打地鼠升级版\打地鼠2016.cpp(274): warning C4996: 'sprintf': This function or variable may be unsafe. Consider using sprintf_s instead. To disable deprecation, use _CRT_SECURE_NO_WARNINGS. See online help for details.
                 d:\visual studio\vc\include\stdio.h(356) : 参见“sprintf”的声明
     1>e:\programming\c++\打地鼠升级版\打地鼠2016.cpp(309): warning C4996: 'sprintf': This function or variable may be unsafe. Consider using sprintf_s instead. To disable deprecation, use _CRT_SECURE_NO_WARNINGS. See online help for details.
                 d:\visual studio\vc\include\stdio.h(356) : 参见“sprintf”的声明
       Link:
         D:\visual studio\VC\bin\link.exe /ERRORREPORT:PROMPT /OUT:".\Debug\打地鼠2016.exe" /INCREMENTAL /NOLOGO odbc32.lib odbccp32.lib kernel32.lib user32.lib gdi32.lib winspool.lib comdlg32.lib advapi32.lib shell32.lib ole32.lib oleaut32.lib uuid.lib odbc32.lib odbccp32.lib /MANIFEST /MANIFESTUAC:"level='asInvoker' uiAccess='false'" /manifest:embed /DEBUG /PDB:".\Debug\打地鼠2016.pdb" /SUBSYSTEM:CONSOLE /TLBID:1 /DYNAMICBASE /NXCOMPAT /IMPLIB:".\Debug\打地鼠2016.lib" /MACHINE:X86 /SAFESEH ".\Debug\打地鼠2016.obj"
     1>LINK : warning LNK4076: 增量状态文件“.\Debug\打地鼠2016.ilk”无效(将删除)；正以非增量方式链接
     1>打地鼠2016.obj : warning LNK4075: 忽略“/EDITANDCONTINUE”(由于“/OPT:LBR”规范)
         打地鼠2016.vcxproj -> E:\programming\C++\打地鼠升级版\.\Debug\打地鼠2016.exe
     1>已完成生成项目“E:\programming\C++\打地鼠升级版\打地鼠2016.vcxproj”(Build 个目标)的操作。

生成成功。

已用时间 00:00:04.91
