Sat Apr 29 21:35:48 CST 2017  [debug] AvalonLogSystem initialized using logfile 'E:\programming\JAVAEE19\.metadata\.plugins\com.genuitec.eclipse.templates\velocity.log'
Sat Apr 29 21:35:48 CST 2017   [info] ************************************************************** 
Sat Apr 29 21:35:48 CST 2017   [info] Starting Jakarta Velocity v1.4
Sat Apr 29 21:35:48 CST 2017   [info] RuntimeInstance initializing.
Sat Apr 29 21:35:48 CST 2017   [info] Default Properties File: org\apache\velocity\runtime\defaults\velocity.properties
Sat Apr 29 21:35:48 CST 2017   [info] Trying to use logger class org.apache.velocity.runtime.log.AvalonLogSystem
Sat Apr 29 21:35:48 CST 2017   [info] Using logger class org.apache.velocity.runtime.log.AvalonLogSystem
Sat Apr 29 21:35:48 CST 2017   [info] Default ResourceManager initializing. (class org.apache.velocity.runtime.resource.ResourceManagerImpl)
Sat Apr 29 21:35:48 CST 2017   [info] Resource Loader Instantiated: com.genuitec.eclipse.templates.internal.PluginResourceLoader
Sat Apr 29 21:35:48 CST 2017   [info] ResourceCache : initialized. (class org.apache.velocity.runtime.resource.ResourceCacheImpl)
Sat Apr 29 21:35:48 CST 2017   [info] Default ResourceManager initialization complete.
Sat Apr 29 21:35:48 CST 2017   [info] Loaded System Directive: org.apache.velocity.runtime.directive.Literal
Sat Apr 29 21:35:48 CST 2017   [info] Loaded System Directive: org.apache.velocity.runtime.directive.Macro
Sat Apr 29 21:35:48 CST 2017   [info] Loaded System Directive: org.apache.velocity.runtime.directive.Parse
Sat Apr 29 21:35:48 CST 2017   [info] Loaded System Directive: org.apache.velocity.runtime.directive.Include
Sat Apr 29 21:35:48 CST 2017   [info] Loaded System Directive: org.apache.velocity.runtime.directive.Foreach
Sat Apr 29 21:35:48 CST 2017   [info] Created: 20 parsers.
Sat Apr 29 21:35:48 CST 2017   [info] Velocimacro : initialization starting.
Sat Apr 29 21:35:48 CST 2017   [info] Velocimacro : adding VMs from VM library template : VM_global_library.vm
Sat Apr 29 21:35:48 CST 2017  [error] ResourceManager : unable to find resource 'VM_global_library.vm' in any resource loader.
Sat Apr 29 21:35:48 CST 2017   [info] Velocimacro : error using  VM library template VM_global_library.vm : org.apache.velocity.exception.ResourceNotFoundException: Unable to find resource 'VM_global_library.vm'
Sat Apr 29 21:35:48 CST 2017   [info] Velocimacro :  VM library template macro registration complete.
Sat Apr 29 21:35:48 CST 2017   [info] Velocimacro : allowInline = true : VMs can be defined inline in templates
Sat Apr 29 21:35:48 CST 2017   [info] Velocimacro : allowInlineToOverride = true : VMs defined inline may replace previous VM definitions
Sat Apr 29 21:35:48 CST 2017   [info] Velocimacro : allowInlineLocal = true : VMs defined inline will be local to their defining template only.
Sat Apr 29 21:35:48 CST 2017   [info] Velocimacro : messages on  : VM system will output logging messages
Sat Apr 29 21:35:48 CST 2017   [info] Velocimacro : autoload off  : VM system will not automatically reload global library macros
Sat Apr 29 21:35:48 CST 2017   [info] Velocimacro : initialization complete.
Sat Apr 29 21:35:48 CST 2017   [info] Velocity successfully started.
Sat Apr 29 21:35:48 CST 2017   [info] ResourceManager : found templates/web.xml.vm with loader com.genuitec.eclipse.templates.internal.PluginResourceLoader
Sat Apr 29 21:35:49 CST 2017   [info] ResourceManager : found /templates/velocity/welcome/Jsp.vtl with loader com.genuitec.eclipse.templates.internal.PluginResourceLoader
