生成启动时间为 2016/12/19 19:39:20。
     1>项目“E:\programming\笔试面试题\虚拟继承的知识点\虚拟继承的知识点\虚拟继承的知识点.vcxproj”在节点 2 上(Build 个目标)。
     1>ClCompile:
         D:\visual studio\VC\bin\CL.exe /c /ZI /nologo /W3 /WX- /sdl /Od /Oy- /D _UNICODE /D UNICODE /Gm /EHsc /RTC1 /MDd /GS /fp:precise /Zc:wchar_t /Zc:forScope /Fo"Debug\\" /Fd"Debug\vc120.pdb" /Gd /TP /analyze- /errorReport:prompt "源1.cpp" "源3.cpp"
         源3.cpp
         源1.cpp
         正在生成代码...
       Link:
         D:\visual studio\VC\bin\link.exe /ERRORREPORT:PROMPT /OUT:"E:\programming\笔试面试题\虚拟继承的知识点\Debug\虚拟继承的知识点.exe" /INCREMENTAL /NOLOGO kernel32.lib user32.lib gdi32.lib winspool.lib comdlg32.lib advapi32.lib shell32.lib ole32.lib oleaut32.lib uuid.lib odbc32.lib odbccp32.lib /MANIFEST /MANIFESTUAC:"level='asInvoker' uiAccess='false'" /manifest:embed /DEBUG /PDB:"E:\programming\笔试面试题\虚拟继承的知识点\Debug\虚拟继承的知识点.pdb" /TLBID:1 /DYNAMICBASE /NXCOMPAT /IMPLIB:"E:\programming\笔试面试题\虚拟继承的知识点\Debug\虚拟继承的知识点.lib" /MACHINE:X86 Debug\main.obj
         "Debug\源.obj"
         "Debug\源1.obj"
         "Debug\源2.obj"
         "Debug\源3.obj"
         "Debug\源4.obj"
         "Debug\源5.obj"
         "Debug\源6.obj"
         虚拟继承的知识点.vcxproj -> E:\programming\笔试面试题\虚拟继承的知识点\Debug\虚拟继承的知识点.exe
     1>已完成生成项目“E:\programming\笔试面试题\虚拟继承的知识点\虚拟继承的知识点\虚拟继承的知识点.vcxproj”(Build 个目标)的操作。

生成成功。

已用时间 00:00:02.13
