e:\programming\c++传智\stl\泛型算法\debug\vc120.pdb
e:\programming\c++传智\stl\泛型算法\debug\vc120.idb
e:\programming\c++传智\stl\泛型算法\debug\源.obj
e:\programming\c++传智\stl\泛型算法\debug\find.obj
e:\programming\c++传智\stl\泛型算法\debug\main.obj
e:\programming\c++传智\stl\泛型算法\debug\max.obj
e:\programming\c++传智\stl\泛型算法\debug\sort.obj
e:\programming\c++传智\stl\debug\泛型算法.ilk
e:\programming\c++传智\stl\debug\泛型算法.exe
e:\programming\c++传智\stl\debug\泛型算法.pdb
e:\programming\c++传智\stl\泛型算法\debug\泛型算法.tlog\cl.command.1.tlog
e:\programming\c++传智\stl\泛型算法\debug\泛型算法.tlog\cl.read.1.tlog
e:\programming\c++传智\stl\泛型算法\debug\泛型算法.tlog\cl.write.1.tlog
e:\programming\c++传智\stl\泛型算法\debug\泛型算法.tlog\link-cvtres.read.1.tlog
e:\programming\c++传智\stl\泛型算法\debug\泛型算法.tlog\link-cvtres.write.1.tlog
e:\programming\c++传智\stl\泛型算法\debug\泛型算法.tlog\link-rc.read.1.tlog
e:\programming\c++传智\stl\泛型算法\debug\泛型算法.tlog\link-rc.write.1.tlog
e:\programming\c++传智\stl\泛型算法\debug\泛型算法.tlog\link.9592-cvtres.read.1.tlog
e:\programming\c++传智\stl\泛型算法\debug\泛型算法.tlog\link.9592-cvtres.write.1.tlog
e:\programming\c++传智\stl\泛型算法\debug\泛型算法.tlog\link.9592-rc.read.1.tlog
e:\programming\c++传智\stl\泛型算法\debug\泛型算法.tlog\link.9592-rc.write.1.tlog
e:\programming\c++传智\stl\泛型算法\debug\泛型算法.tlog\link.9592.read.1.tlog
e:\programming\c++传智\stl\泛型算法\debug\泛型算法.tlog\link.9592.write.1.tlog
e:\programming\c++传智\stl\泛型算法\debug\泛型算法.tlog\link.command.1.tlog
e:\programming\c++传智\stl\泛型算法\debug\泛型算法.tlog\link.read.1.tlog
e:\programming\c++传智\stl\泛型算法\debug\泛型算法.tlog\link.write.1.tlog
